[0106/231054.432:ERROR:process_info.cc(359)] UncheckedAllocate
[0107/004207.576:ERROR:process_info.cc(359)] UncheckedAllocate
[0107/005202.441:ERROR:process_info.cc(359)] UncheckedAllocate
[0107/005203.478:ERROR:process_info.cc(359)] UncheckedAllocate
[0108/014416.425:ERROR:process_info.cc(359)] UncheckedAllocate
[0108/101640.389:ERROR:process_info.cc(359)] UncheckedAllocate
[0108/101643.044:ERROR:process_info.cc(359)] UncheckedAllocate
[0109/102445.823:ERROR:process_info.cc(359)] UncheckedAllocate
[0111/113756.004:ERROR:process_info.cc(359)] UncheckedAllocate
[0111/180336.882:ERROR:process_info.cc(359)] UncheckedAllocate
[0112/181101.909:ERROR:process_info.cc(359)] UncheckedAllocate
[0112/191010.929:ERROR:process_info.cc(359)] UncheckedAllocate
[0112/191015.824:ERROR:process_info.cc(359)] UncheckedAllocate
[0112/191015.856:ERROR:process_info.cc(359)] UncheckedAllocate
[0112/191412.201:ERROR:process_info.cc(359)] UncheckedAllocate
[0112/191413.187:ERROR:process_info.cc(359)] UncheckedAllocate
[0112/191416.103:ERROR:process_info.cc(329)] VirtualQueryEx: Access is denied. (0x5)
[0112/191416.104:ERROR:process_info.cc(550)] ReadMemoryInfo failed
[0112/191416.104:ERROR:process_reader_win.cc(242)] ReadMemory at 0x7ffe3e9b64d0 of 12 bytes failed: Only part of a ReadProcessMemory or WriteProcessMemory request was completed. (0x12B)
[0112/191416.104:WARNING:process_snapshot_win.cc(69)] ReadMemory ExceptionInformation failed
[0112/191416.104:ERROR:scoped_process_suspend.cc(40)] NtResumeProcess: An attempt was made to access an exiting process. (0xc000010a)
[0112/191416.138:ERROR:process_info.cc(359)] UncheckedAllocate
[0119/012017.592:ERROR:process_info.cc(359)] UncheckedAllocate
[0119/012018.035:ERROR:process_info.cc(359)] UncheckedAllocate
[0119/012018.072:ERROR:process_info.cc(359)] UncheckedAllocate
[0120/003903.776:ERROR:process_info.cc(359)] UncheckedAllocate
[0120/195514.416:ERROR:process_info.cc(359)] UncheckedAllocate
[0121/111048.832:ERROR:process_info.cc(359)] UncheckedAllocate
[0121/111049.566:ERROR:process_info.cc(359)] UncheckedAllocate
[0121/111108.186:ERROR:process_info.cc(359)] UncheckedAllocate
[0121/111558.375:ERROR:process_info.cc(359)] UncheckedAllocate
[0122/025126.083:ERROR:process_info.cc(359)] UncheckedAllocate
[0122/030644.898:ERROR:process_info.cc(359)] UncheckedAllocate
[0220/221924.649:ERROR:process_info.cc(359)] UncheckedAllocate
[0220/224029.934:ERROR:process_reader_win.cc(182)] ResumeThread: The parameter is incorrect. (0x57)
[0220/224029.934:ERROR:process_reader_win.cc(151)] SuspendThread: Access is denied. (0x5)
[0220/224029.934:ERROR:process_reader_win.cc(151)] SuspendThread: Access is denied. (0x5)
[0220/224029.934:ERROR:process_reader_win.cc(151)] SuspendThread: Access is denied. (0x5)
[0220/224029.934:ERROR:process_reader_win.cc(151)] SuspendThread: Access is denied. (0x5)
[0220/224029.934:ERROR:process_reader_win.cc(151)] SuspendThread: Access is denied. (0x5)
[0220/224029.935:ERROR:process_reader_win.cc(151)] SuspendThread: Access is denied. (0x5)
[0220/224029.935:ERROR:process_reader_win.cc(151)] SuspendThread: Access is denied. (0x5)
[0220/224029.935:ERROR:process_reader_win.cc(151)] SuspendThread: Access is denied. (0x5)
[0220/224029.935:ERROR:process_reader_win.cc(151)] SuspendThread: Access is denied. (0x5)
[0220/224029.935:ERROR:process_reader_win.cc(151)] SuspendThread: Access is denied. (0x5)
[0220/224029.935:ERROR:process_reader_win.cc(151)] SuspendThread: Access is denied. (0x5)
[0220/224029.935:ERROR:process_reader_win.cc(151)] SuspendThread: Access is denied. (0x5)
[0220/224029.935:ERROR:process_reader_win.cc(151)] SuspendThread: Access is denied. (0x5)
[0220/224029.935:ERROR:process_reader_win.cc(151)] SuspendThread: Access is denied. (0x5)
[0220/224029.935:ERROR:exception_snapshot_win.cc(88)] thread ID 10024 not found in process
[0222/172139.603:ERROR:process_info.cc(359)] UncheckedAllocate
[0225/181323.182:ERROR:process_info.cc(359)] UncheckedAllocate
[0225/233153.281:ERROR:process_info.cc(359)] UncheckedAllocate
